This is TeX, Version 3.14159265 (TeX Live 2014) (preloaded format=tex 2015.8.24)  6 SEP 2015 13:29
**users
(./users.tex (./parimacro.tex
\std=\read0
 (./paricfg.tex)
\toc=\write0
\out=\write1
\aux=\write2
\index=\write3

SECOND PASS
(./users.aux)) [1
\openout2 = `users.aux'.

\appno=\count8
\chapno=\count8
\secno=\count8
\subsecno=\count8
\subsubsecno=\count8
\euffam=\fam8
] [2] (./users.toc) [3
\openout0 = `users.toc'.

] (./libpari.aux) (./usersch1.tex
[4] [5] [6] [7] [8] [9] [10] [11]) (./usersch2.tex [12] [13] [14] [15] [16]
[17] [18] [19] [20] [21] [22] [23] [24] [25] [26] [27] [28] [29] [30] [31]
[32] [33] [34] [35] [36] [37] [38] [39] [40] [41] [42] [43] [44] [45] [46]
[47] [48] [49] [50] [51] [52] [53] [54] [55] [56] [57] [58] [59] [60] [61]
[62]) (./usersch3.tex [63] [64] [65] [66] [67] [68] [69] [70] [71] [72]
[73] [74] [75] [76] [77] [78] [79] [80] [81] [82] [83] [84] [85] [86] [87]
[88] [89] [90] [91] [92] [93] [94] [95] [96] [97] [98] [99] [100] [101]
[102] [103] [104] [105] [106] [107] [108] [109] [110] [111] [112] [113]
[114] [115] [116] [117] [118] [119] [120] [121] [122] [123] [124] [125]
[126] [127] [128] [129] [130] [131] [132] [133] [134] [135] [136] [137]
[138] [139] [140] [141] [142] [143] [144] [145] [146]
Overfull \hbox (21.49678pt too wide) in paragraph at lines 5275--5276
[]\tentt %2 = 57896044618658097711785492504343953926856930875039260848015607506
283634007912 |

\hbox(6.94444+0.83333)x428.99947
.\hbox(0.0+0.0)x20.0
.\tentt %
.\tentt 2
.\glue 5.24995
.\tentt =
.etc.

[147] [148] [149] [150] [151] [152]
Overfull \hbox (21.49678pt too wide) in paragraph at lines 5660--5661
[]\tentt %5 = [1,3,3,2,6,6;3,1,9,6,2,18;3,9,1,6,18,2;2,6,6,1,3,3;6,2,18,3,1,9;6
,18,2,3,9,1] |

\hbox(6.94444+1.38887)x428.99947
.\hbox(0.0+0.0)x20.0
.\tentt %
.\tentt 5
.\glue 5.24995
.\tentt =
.etc.

[153] [154] [155] [156] [157] [158] [159] [160] [161] [162] [163] [164]
[165] [166] [167] [168] [169] [170] [171] [172] [173] [174] [175] [176]
[177] [178] [179] [180] [181] [182] [183] [184] [185] [186] [187] [188]
[189] [190] [191] [192] [193] [194] [195] [196] [197] [198] [199] [200]
[201] [202] [203] [204] [205] [206] [207] [208] [209] [210] [211] [212]
[213] [214] [215] [216] [217] [218] [219] [220] [221] [222] [223] [224]
[225] [226] [227] [228] [229] [230] [231] [232] [233] [234] [235] [236]
[237] [238] [239] [240] [241] [242] [243] [244] [245] [246] [247] [248]
[249] [250] [251] [252] [253] [254] [255] [256] [257] [258] [259] [260]
[261] [262] [263] [264] [265] [266] [267] [268] [269] [270]
Underfull \hbox (badness 10000) in paragraph at lines 13224--13225
[]\tentt x^ 12 - J^ 11*x^ 11 + 11*J^ 9*x^ 9 - 44*J^ 7*x^ 7 + 88*J^ 5*x^ 5 - 88*
J^ 3*x^ 3 + 32*J*x

\hbox(6.11111+0.0)x428.99947
.\hbox(0.0+0.0)x20.0
.\tentt x
.\tentt ^
.\glue 0.0
.\tentt 1
.etc.


Underfull \hbox (badness 10000) in paragraph at lines 13226--13227
[]\tentt j^ 12 + j^ 11 + 7*j^ 10 + 5*j^ 9 + 11*j^ 8 + 10*j^ 7 + 18*j^ 6 + 2*j^ 
5 + j^ 4 + 18*j^

\hbox(6.11111+2.22223)x428.99947
.\hbox(0.0+0.0)x20.0
.\tentt j
.\tentt ^
.\glue 0.0
.\tentt 1
.etc.


Underfull \hbox (badness 10000) in paragraph at lines 13240--13244
\tentt GEN Fp_polmodular_evalx(long L, long inv, GEN J, GEN P, long v, int com-


\hbox(6.94444+2.22223)x428.99947
.\tentt G
.\tentt E
.\tentt N
.\glue 5.24995
.\tentt F
.etc.

[271] [272] [273] [274] [275] [276] [277] [278] [279] [280] [281] [282]
[283] [284] [285] [286] [287] [288] [289] [290] [291] [292] [293] [294]
[295] [296] [297] [298] [299] [300] [301] [302] [303] [304] [305] [306]
[307] [308] [309] [310] [311] [312] [313] [314] [315] [316] [317] [318]
[319] [320] [321] [322] [323]
Underfull \hbox (badness 10000) in paragraph at lines 16551--16552
[]\tentt ? sum-num-monien(n = 1, lngamma(1+1/n)/n, tab-mon); \\ fewer func-tion
 eval-u-a-

\hbox(6.94444+2.22223)x428.99947
.\hbox(0.0+0.0)x20.0
.\tentt ?
.\glue 5.24995
.\tentt s
.\tentt u
.etc.

[324] [325] [326] [327] [328] [329] [330] [331] [332] [333] [334] [335]
[336] [337] [338] [339] [340] [341] [342] [343] [344] [345] [346] [347]
[348] [349] [350] [351] [352] [353] [354] [355] [356] [357] [358] [359]
[360] [361] [362] [363] [364] [365] [366] [367] [368] [369] [370] [371]
[372] [373] [374] [375]) (./appa.tex [376] [377] [378] [379] [380] [381]
[382] [383] [384] [385] [386] [387]) (./index.tex [388
\fullhsize=\dimen20
\leftcolumn=\box20
\dbox=\box20
\dfillskip=\skip20
\interskipa=\skip20
\interskipb=\skip20
] [389] [390] [391]
[392] [393] [394] [395] [396] [397] [398] [399] [400] [401] [402] [403]
[404]) [405] )
Output written on users.dvi (405 pages, 1558344 bytes).
